\BOOKMARK [1][-]{section.1}{\376\377\000I\000n\000t\000r\000o\000d\000u\000c\000t\000i\000o\000n}{}% 1
\BOOKMARK [1][-]{section.2}{\376\377\000B\000a\000c\000k\000g\000r\000o\000u\000n\000d}{}% 2
\BOOKMARK [2][-]{subsection.2.1}{\376\377\000W\000e\000b\000A\000u\000t\000h\000n}{section.2}% 3
\BOOKMARK [2][-]{subsection.2.2}{\376\377\000A\000d\000v\000a\000n\000c\000e\000d\000\040\000E\000n\000c\000r\000y\000p\000t\000i\000o\000n\000\040\000S\000t\000a\000n\000d\000a\000r\000d\000\040\000w\000i\000t\000h\000\040\0002\0005\0006\000-\000b\000i\000t}{section.2}% 4
\BOOKMARK [2][-]{subsection.2.3}{\376\377\000H\000a\000s\000h\000i\000n\000g\000\040\000t\000h\000r\000o\000u\000g\000h\000\040\000A\000r\000g\000o\000n\0002}{section.2}% 5
\BOOKMARK [1][-]{section.3}{\376\377\000L\000i\000t\000e\000r\000a\000t\000u\000r\000e\000\040\000R\000e\000v\000i\000e\000w}{}% 6
\BOOKMARK [1][-]{section.4}{\376\377\000M\000e\000t\000h\000o\000d\000o\000l\000o\000g\000y}{}% 7
\BOOKMARK [2][-]{subsection.4.1}{\376\377\000E\000n\000v\000i\000r\000o\000n\000m\000e\000n\000t}{section.4}% 8
\BOOKMARK [3][-]{subsubsection.4.1.1}{\376\377\000S\000e\000r\000v\000e\000r}{subsection.4.1}% 9
\BOOKMARK [3][-]{subsubsection.4.1.2}{\376\377\000C\000l\000i\000e\000n\000t}{subsection.4.1}% 10
\BOOKMARK [2][-]{subsection.4.2}{\376\377\000A\000u\000t\000h\000e\000n\000t\000i\000c\000a\000t\000i\000o\000n\000\040\000\046\000\040\000A\000u\000t\000h\000o\000r\000i\000z\000a\000t\000i\000o\000n}{section.4}% 11
\BOOKMARK [3][-]{subsubsection.4.2.1}{\376\377\000J\000S\000O\000N\000\040\000W\000e\000b\000\040\000T\000o\000k\000e\000n\000s}{subsection.4.2}% 12
\BOOKMARK [3][-]{subsubsection.4.2.2}{\376\377\000J\000S\000O\000N\000\040\000W\000e\000b\000\040\000E\000n\000c\000r\000y\000p\000t\000i\000o\000n}{subsection.4.2}% 13
\BOOKMARK [2][-]{subsection.4.3}{\376\377\000W\000e\000b\000A\000u\000t\000h\000n}{section.4}% 14
\BOOKMARK [3][-]{subsubsection.4.3.1}{\376\377\000R\000e\000g\000i\000s\000t\000r\000a\000t\000i\000o\000n}{subsection.4.3}% 15
\BOOKMARK [3][-]{subsubsection.4.3.2}{\376\377\000A\000u\000t\000h\000e\000n\000t\000i\000c\000a\000t\000i\000o\000n}{subsection.4.3}% 16
\BOOKMARK [3][-]{subsubsection.4.3.3}{\376\377\000P\000a\000s\000s\000w\000o\000r\000d\000\040\000C\000r\000e\000a\000t\000i\000o\000n\000\040\000\046\000\040\000R\000e\000t\000r\000i\000e\000v\000a\000l}{subsection.4.3}% 17
\BOOKMARK [2][-]{subsection.4.4}{\376\377\000C\000o\000r\000s}{section.4}% 18
\BOOKMARK [2][-]{subsection.4.5}{\376\377\000C\000o\000o\000k\000i\000e}{section.4}% 19
\BOOKMARK [2][-]{subsection.4.6}{\376\377\000P\000a\000s\000s\000w\000o\000r\000d\000\040\000E\000n\000c\000r\000y\000p\000t\000i\000o\000n}{section.4}% 20
\BOOKMARK [2][-]{subsection.4.7}{\376\377\000H\000a\000s\000h\000i\000n\000g}{section.4}% 21
\BOOKMARK [3][-]{subsubsection.4.7.1}{\376\377\000C\000o\000n\000f\000i\000g\000u\000r\000i\000n\000g\000\040\000A\000r\000g\000o\000n\0002}{subsection.4.7}% 22
\BOOKMARK [2][-]{subsection.4.8}{\376\377\000S\000e\000c\000u\000r\000i\000t\000y\000\040\000A\000n\000a\000l\000y\000s\000i\000s}{section.4}% 23
\BOOKMARK [1][-]{section.5}{\376\377\000C\000o\000n\000c\000l\000u\000s\000i\000o\000n}{}% 24
\BOOKMARK [1][-]{section.6}{\376\377\000F\000u\000t\000u\000r\000e\000\040\000w\000o\000r\000k}{}% 25
\BOOKMARK [1][-]{section.7}{\376\377\000A\000c\000k\000n\000o\000w\000l\000e\000d\000g\000e\000m\000e\000n\000t}{}% 26
\BOOKMARK [1][-]{appendix.A}{\376\377\000A\000p\000p\000e\000n\000d\000i\000x}{}% 27
\BOOKMARK [2][-]{subsection.A.1}{\376\377\000B\000a\000s\000e\0006\0004\000\040\000a\000n\000d\000\040\000c\000i\000p\000h\000e\000r\000t\000e\000x\000t}{appendix.A}% 28
